fc2f:22bf:e287:88ca:a896:896e:7e62:b411
fc15:491b:0549:9d8a:8480:45f8:bd10:a53e
fc34:8675:ed95:600c:38d7:6eb8:f5b9:5bfa
fc0e:528c:fc27:ce74:ca46:24d6:c9f5:90d6
fc0d:390b:172e:7883:8073:8c23:e159:f09f
fc1f:b152:e147:eec1:101f:0d36:d204:eccb
fc1e:af9f:b436:7aa0:5bce:0dfc:0cba:c713
fc3a:f660:3d8b:8082:65e2:1455:358f:ace7
fc56:8313:1e14:1a50:0c01:0850:a53e:7127
fc06:8a25:9a6e:1858:b296:30e9:7dc3:0294
fc57:0385:f658:df8f:e557:44c6:3acd:091e
fc58:017c:a626:b8d8:4312:03c5:6938:6b78
fc3a:956e:4b69:1c1e:5ebc:11a5:3e71:3e7e
fc65:9455:939a:d7c0:9979:6df7:5250:dd05
fc6a:30c9:53a1:2c6b:ccbf:1261:2aef:45d3
fc6c:32ef:bf09:15ff:0a66:dffb:f467:70bf
fc6d:cba4:93de:73a9:549e:545c:52c7:fead
fc77:699b:c203:1f3f:cb18:d862:524d:5d7a
fc8d:3d5a:dc4f:567e:cb3d:cbd4:de87:28f0
fc88:c649:1d80:e13f:4206:4b3e:e1e3:bc37
fc92:3a2d:34bc:eede:d453:5631:5b44:af74
fcb8:0b10:1cb8:0c94:58d0:2522:89f9:c89e
fcbb:98bd:d44f:40dc:426c:4971:b6b1:7bd6
fc8b:c037:a5db:dcf4:ca29:d3e5:2a71:3174
fcc0:c0b2:2a14:7afc:5216:1854:1a2f:2c13
fcc6:700e:1577:b2df:20cc:3ece:24ff:3fa7
fccd:873d:246c:f795:1e15:accd:879d:f373
fcc8:dc3e:087c:e807:f4f2:b3c5:a978:996a
fcde:5b9e:fe85:5af7:5368:6dff:729d:f859
fcef:a346:73a0:72c4:d56d:1048:88a2:e81d
fcec:ae97:8902:d810:6c92:ec67:efb2:3ec5
fcf4:e309:14b5:5498:cafd:4f59:4b9c:7f84
fcf5:894b:a246:fa31:f395:6e8d:31b6:f9f9
fcfc:5d70:99b6:4e0c:cba6:61ec:434b:df1a
fcef:96c2:7226:a4b1:97ea:59bf:cb2e:51f0

